{"/home/jcrosby/projects/crowd-score/components/GameInfo.vue": {"path":"/home/jcrosby/projects/crowd-score/components/GameInfo.vue","statementMap":{"0":{"start":{"line":25,"column":0},"end":{"line":25,"column":null}}},"fnMap":{"0":{"name":"_default","decl":{"start":{"line":24,"column":0},"end":{"line":24,"column":null}},"loc":{"start":{"line":24,"column":0},"end":{"line":31,"column":null}}}},"branchMap":{},"s":{"0":0},"f":{"0":0},"b":{}}
,"/home/jcrosby/projects/crowd-score/components/InningsDiamond.vue": {"path":"/home/jcrosby/projects/crowd-score/components/InningsDiamond.vue","statementMap":{"0":{"start":{"line":79,"column":0},"end":{"line":79,"column":null}},"1":{"start":{"line":84,"column":0},"end":{"line":84,"column":null}},"2":{"start":{"line":89,"column":0},"end":{"line":89,"column":null}},"3":{"start":{"line":94,"column":0},"end":{"line":94,"column":null}}},"fnMap":{"0":{"name":"_default","decl":{"start":{"line":79,"column":0},"end":{"line":79,"column":null}},"loc":{"start":{"line":79,"column":0},"end":{"line":79,"column":null}}},"1":{"name":"_default","decl":{"start":{"line":84,"column":0},"end":{"line":84,"column":null}},"loc":{"start":{"line":84,"column":0},"end":{"line":84,"column":null}}},"2":{"name":"i","decl":{"start":{"line":88,"column":0},"end":{"line":88,"column":null}},"loc":{"start":{"line":88,"column":0},"end":{"line":90,"column":null}}},"3":{"name":"diamondScore","decl":{"start":{"line":91,"column":0},"end":{"line":91,"column":null}},"loc":{"start":{"line":91,"column":0},"end":{"line":95,"column":null}}}},"branchMap":{"0":{"loc":{"start":{"line":83,"column":0},"end":{"line":83,"column":null}},"type":"binary-expr","locations":[{"start":{"line":83,"column":0},"end":{"line":83,"column":null}},{"start":{"line":83,"column":0},"end":{"line":83,"column":null}}]},"1":{"loc":{"start":{"line":89,"column":0},"end":{"line":89,"column":null}},"type":"binary-expr","locations":[{"start":{"line":89,"column":0},"end":{"line":89,"column":null}},{"start":{"line":89,"column":0},"end":{"line":89,"column":null}}]}},"s":{"0":0,"1":0,"2":0,"3":0},"f":{"0":0,"1":0,"2":0,"3":0},"b":{"0":[0,0],"1":[0,0]}}
,"/home/jcrosby/projects/crowd-score/components/InputDiamond.vue": {"path":"/home/jcrosby/projects/crowd-score/components/InputDiamond.vue","statementMap":{"0":{"start":{"line":106,"column":0},"end":{"line":106,"column":null}},"1":{"start":{"line":108,"column":0},"end":{"line":121,"column":null}},"2":{"start":{"line":123,"column":0},"end":{"line":129,"column":null}},"3":{"start":{"line":143,"column":0},"end":{"line":143,"column":null}},"4":{"start":{"line":157,"column":0},"end":{"line":157,"column":null}},"5":{"start":{"line":158,"column":0},"end":{"line":158,"column":null}},"6":{"start":{"line":159,"column":0},"end":{"line":159,"column":null}},"7":{"start":{"line":161,"column":0},"end":{"line":161,"column":null}},"8":{"start":{"line":166,"column":0},"end":{"line":168,"column":null}},"9":{"start":{"line":167,"column":0},"end":{"line":167,"column":null}},"10":{"start":{"line":169,"column":0},"end":{"line":171,"column":null}},"11":{"start":{"line":170,"column":0},"end":{"line":170,"column":null}},"12":{"start":{"line":174,"column":0},"end":{"line":174,"column":null}},"13":{"start":{"line":176,"column":0},"end":{"line":178,"column":null}},"14":{"start":{"line":177,"column":0},"end":{"line":177,"column":null}},"15":{"start":{"line":181,"column":0},"end":{"line":181,"column":null}},"16":{"start":{"line":182,"column":0},"end":{"line":184,"column":null}},"17":{"start":{"line":183,"column":0},"end":{"line":183,"column":null}},"18":{"start":{"line":185,"column":0},"end":{"line":189,"column":null}},"19":{"start":{"line":186,"column":0},"end":{"line":186,"column":null}},"20":{"start":{"line":187,"column":0},"end":{"line":189,"column":null}},"21":{"start":{"line":188,"column":0},"end":{"line":188,"column":null}},"22":{"start":{"line":192,"column":0},"end":{"line":192,"column":null}},"23":{"start":{"line":195,"column":0},"end":{"line":195,"column":null}},"24":{"start":{"line":198,"column":0},"end":{"line":198,"column":null}},"25":{"start":{"line":200,"column":0},"end":{"line":202,"column":null}},"26":{"start":{"line":201,"column":0},"end":{"line":201,"column":null}},"27":{"start":{"line":205,"column":0},"end":{"line":205,"column":null}},"28":{"start":{"line":210,"column":0},"end":{"line":210,"column":null}},"29":{"start":{"line":213,"column":0},"end":{"line":213,"column":null}},"30":{"start":{"line":220,"column":0},"end":{"line":220,"column":null}},"31":{"start":{"line":221,"column":0},"end":{"line":221,"column":null}}},"fnMap":{"0":{"name":"data","decl":{"start":{"line":142,"column":0},"end":{"line":142,"column":null}},"loc":{"start":{"line":142,"column":0},"end":{"line":155,"column":null}}},"1":{"name":"team","decl":{"start":{"line":157,"column":0},"end":{"line":157,"column":null}},"loc":{"start":{"line":157,"column":0},"end":{"line":157,"column":null}}},"2":{"name":"inning","decl":{"start":{"line":158,"column":0},"end":{"line":158,"column":null}},"loc":{"start":{"line":158,"column":0},"end":{"line":158,"column":null}}},"3":{"name":"player","decl":{"start":{"line":159,"column":0},"end":{"line":159,"column":null}},"loc":{"start":{"line":159,"column":0},"end":{"line":159,"column":null}}},"4":{"name":"diamondObj","decl":{"start":{"line":160,"column":0},"end":{"line":160,"column":null}},"loc":{"start":{"line":160,"column":0},"end":{"line":162,"column":null}}},"5":{"name":"atBatResult","decl":{"start":{"line":165,"column":0},"end":{"line":165,"column":null}},"loc":{"start":{"line":165,"column":0},"end":{"line":172,"column":null}}},"6":{"name":"howOut","decl":{"start":{"line":173,"column":0},"end":{"line":173,"column":null}},"loc":{"start":{"line":173,"column":0},"end":{"line":179,"column":null}}},"7":{"name":"outToFielder","decl":{"start":{"line":180,"column":0},"end":{"line":180,"column":null}},"loc":{"start":{"line":180,"column":0},"end":{"line":190,"column":null}}},"8":{"name":"balls","decl":{"start":{"line":191,"column":0},"end":{"line":191,"column":null}},"loc":{"start":{"line":191,"column":0},"end":{"line":193,"column":null}}},"9":{"name":"strikes","decl":{"start":{"line":194,"column":0},"end":{"line":194,"column":null}},"loc":{"start":{"line":194,"column":0},"end":{"line":196,"column":null}}},"10":{"name":"howBase","decl":{"start":{"line":197,"column":0},"end":{"line":197,"column":null}},"loc":{"start":{"line":197,"column":0},"end":{"line":203,"column":null}}},"11":{"name":"outNo","decl":{"start":{"line":204,"column":0},"end":{"line":204,"column":null}},"loc":{"start":{"line":204,"column":0},"end":{"line":206,"column":null}}},"12":{"name":"handleClickOut","decl":{"start":{"line":209,"column":0},"end":{"line":209,"column":null}},"loc":{"start":{"line":209,"column":0},"end":{"line":211,"column":null}}},"13":{"name":"updateData","decl":{"start":{"line":212,"column":0},"end":{"line":212,"column":null}},"loc":{"start":{"line":212,"column":0},"end":{"line":222,"column":null}}}},"branchMap":{"0":{"loc":{"start":{"line":166,"column":0},"end":{"line":168,"column":null}},"type":"if","locations":[{"start":{"line":166,"column":0},"end":{"line":168,"column":null}},{"start":{"line":166,"column":0},"end":{"line":168,"column":null}}]},"1":{"loc":{"start":{"line":169,"column":0},"end":{"line":171,"column":null}},"type":"if","locations":[{"start":{"line":169,"column":0},"end":{"line":171,"column":null}},{"start":{"line":169,"column":0},"end":{"line":171,"column":null}}]},"2":{"loc":{"start":{"line":176,"column":0},"end":{"line":178,"column":null}},"type":"if","locations":[{"start":{"line":176,"column":0},"end":{"line":178,"column":null}},{"start":{"line":176,"column":0},"end":{"line":178,"column":null}}]},"3":{"loc":{"start":{"line":182,"column":0},"end":{"line":184,"column":null}},"type":"if","locations":[{"start":{"line":182,"column":0},"end":{"line":184,"column":null}},{"start":{"line":182,"column":0},"end":{"line":184,"column":null}}]},"4":{"loc":{"start":{"line":185,"column":0},"end":{"line":189,"column":null}},"type":"if","locations":[{"start":{"line":185,"column":0},"end":{"line":189,"column":null}},{"start":{"line":185,"column":0},"end":{"line":189,"column":null}}]},"5":{"loc":{"start":{"line":187,"column":0},"end":{"line":189,"column":null}},"type":"if","locations":[{"start":{"line":187,"column":0},"end":{"line":189,"column":null}},{"start":{"line":187,"column":0},"end":{"line":189,"column":null}}]},"6":{"loc":{"start":{"line":200,"column":0},"end":{"line":202,"column":null}},"type":"if","locations":[{"start":{"line":200,"column":0},"end":{"line":202,"column":null}},{"start":{"line":200,"column":0},"end":{"line":202,"column":null}}]}},"s":{"0":0,"1":0,"2":0,"3":0,"4":0,"5":0,"6":0,"7":0,"8":0,"9":0,"10":0,"11":0,"12":0,"13":0,"14":0,"15":0,"16":0,"17":0,"18":0,"19":0,"20":0,"21":0,"22":0,"23":0,"24":0,"25":0,"26":0,"27":0,"28":0,"29":0,"30":0,"31":0},"f":{"0":0,"1":0,"2":0,"3":0,"4":0,"5":0,"6":0,"7":0,"8":0,"9":0,"10":0,"11":0,"12":0,"13":0},"b":{"0":[0,0],"1":[0,0],"2":[0,0],"3":[0,0],"4":[0,0],"5":[0,0],"6":[0,0]}}
,"/home/jcrosby/projects/crowd-score/components/ScoreCard.vue": {"path":"/home/jcrosby/projects/crowd-score/components/ScoreCard.vue","statementMap":{"0":{"start":{"line":58,"column":0},"end":{"line":58,"column":null}},"1":{"start":{"line":74,"column":0},"end":{"line":74,"column":null}},"2":{"start":{"line":84,"column":0},"end":{"line":84,"column":null}},"3":{"start":{"line":85,"column":0},"end":{"line":85,"column":null}},"4":{"start":{"line":87,"column":0},"end":{"line":87,"column":null}},"5":{"start":{"line":90,"column":0},"end":{"line":92,"column":null}},"6":{"start":{"line":91,"column":0},"end":{"line":91,"column":null}},"7":{"start":{"line":94,"column":0},"end":{"line":94,"column":null}},"8":{"start":{"line":95,"column":0},"end":{"line":95,"column":null}},"9":{"start":{"line":96,"column":0},"end":{"line":117,"column":null}},"10":{"start":{"line":97,"column":0},"end":{"line":97,"column":null}},"11":{"start":{"line":99,"column":0},"end":{"line":99,"column":null}},"12":{"start":{"line":102,"column":0},"end":{"line":102,"column":null}},"13":{"start":{"line":105,"column":0},"end":{"line":105,"column":null}},"14":{"start":{"line":108,"column":0},"end":{"line":108,"column":null}},"15":{"start":{"line":111,"column":0},"end":{"line":111,"column":null}},"16":{"start":{"line":114,"column":0},"end":{"line":114,"column":null}},"17":{"start":{"line":118,"column":0},"end":{"line":118,"column":null}},"18":{"start":{"line":123,"column":0},"end":{"line":123,"column":null}},"19":{"start":{"line":129,"column":0},"end":{"line":129,"column":null}}},"fnMap":{"0":{"name":"data","decl":{"start":{"line":73,"column":0},"end":{"line":73,"column":null}},"loc":{"start":{"line":73,"column":0},"end":{"line":82,"column":null}}},"1":{"name":"lineup","decl":{"start":{"line":84,"column":0},"end":{"line":84,"column":null}},"loc":{"start":{"line":84,"column":0},"end":{"line":84,"column":null}}},"2":{"name":"scoreObj","decl":{"start":{"line":85,"column":0},"end":{"line":85,"column":null}},"loc":{"start":{"line":85,"column":0},"end":{"line":85,"column":null}}},"3":{"name":"innings","decl":{"start":{"line":86,"column":0},"end":{"line":86,"column":null}},"loc":{"start":{"line":86,"column":0},"end":{"line":88,"column":null}}},"4":{"name":"score","decl":{"start":{"line":89,"column":0},"end":{"line":89,"column":null}},"loc":{"start":{"line":89,"column":0},"end":{"line":93,"column":null}}},"5":{"name":"(anonymous_7)","decl":{"start":{"line":90,"column":0},"end":{"line":90,"column":null}},"loc":{"start":{"line":90,"column":0},"end":{"line":92,"column":null}}},"6":{"name":"stats","decl":{"start":{"line":94,"column":0},"end":{"line":94,"column":null}},"loc":{"start":{"line":94,"column":0},"end":{"line":119,"column":null}}},"7":{"name":"(anonymous_9)","decl":{"start":{"line":96,"column":0},"end":{"line":96,"column":null}},"loc":{"start":{"line":96,"column":0},"end":{"line":117,"column":null}}},"8":{"name":"(anonymous_10)","decl":{"start":{"line":98,"column":0},"end":{"line":98,"column":null}},"loc":{"start":{"line":98,"column":0},"end":{"line":100,"column":null}}},"9":{"name":"(anonymous_11)","decl":{"start":{"line":101,"column":0},"end":{"line":101,"column":null}},"loc":{"start":{"line":101,"column":0},"end":{"line":103,"column":null}}},"10":{"name":"(anonymous_12)","decl":{"start":{"line":104,"column":0},"end":{"line":104,"column":null}},"loc":{"start":{"line":104,"column":0},"end":{"line":106,"column":null}}},"11":{"name":"(anonymous_13)","decl":{"start":{"line":107,"column":0},"end":{"line":107,"column":null}},"loc":{"start":{"line":107,"column":0},"end":{"line":109,"column":null}}},"12":{"name":"(anonymous_14)","decl":{"start":{"line":110,"column":0},"end":{"line":110,"column":null}},"loc":{"start":{"line":110,"column":0},"end":{"line":112,"column":null}}},"13":{"name":"(anonymous_15)","decl":{"start":{"line":113,"column":0},"end":{"line":113,"column":null}},"loc":{"start":{"line":113,"column":0},"end":{"line":115,"column":null}}},"14":{"name":"diamondClasses","decl":{"start":{"line":122,"column":0},"end":{"line":122,"column":null}},"loc":{"start":{"line":122,"column":0},"end":{"line":127,"column":null}}},"15":{"name":"handleDiamondClick","decl":{"start":{"line":128,"column":0},"end":{"line":128,"column":null}},"loc":{"start":{"line":128,"column":0},"end":{"line":130,"column":null}}}},"branchMap":{"0":{"loc":{"start":{"line":99,"column":0},"end":{"line":99,"column":null}},"type":"cond-expr","locations":[{"start":{"line":99,"column":0},"end":{"line":99,"column":null}},{"start":{"line":99,"column":0},"end":{"line":99,"column":null}}]},"1":{"loc":{"start":{"line":102,"column":0},"end":{"line":102,"column":null}},"type":"cond-expr","locations":[{"start":{"line":102,"column":0},"end":{"line":102,"column":null}},{"start":{"line":102,"column":0},"end":{"line":102,"column":null}}]},"2":{"loc":{"start":{"line":105,"column":0},"end":{"line":105,"column":null}},"type":"cond-expr","locations":[{"start":{"line":105,"column":0},"end":{"line":105,"column":null}},{"start":{"line":105,"column":0},"end":{"line":105,"column":null}}]},"3":{"loc":{"start":{"line":108,"column":0},"end":{"line":108,"column":null}},"type":"cond-expr","locations":[{"start":{"line":108,"column":0},"end":{"line":108,"column":null}},{"start":{"line":108,"column":0},"end":{"line":108,"column":null}}]},"4":{"loc":{"start":{"line":111,"column":0},"end":{"line":111,"column":null}},"type":"cond-expr","locations":[{"start":{"line":111,"column":0},"end":{"line":111,"column":null}},{"start":{"line":111,"column":0},"end":{"line":111,"column":null}}]},"5":{"loc":{"start":{"line":114,"column":0},"end":{"line":114,"column":null}},"type":"cond-expr","locations":[{"start":{"line":114,"column":0},"end":{"line":114,"column":null}},{"start":{"line":114,"column":0},"end":{"line":114,"column":null}}]}},"s":{"0":0,"1":0,"2":0,"3":0,"4":0,"5":0,"6":0,"7":0,"8":0,"9":0,"10":0,"11":0,"12":0,"13":0,"14":0,"15":0,"16":0,"17":0,"18":0,"19":0},"f":{"0":0,"1":0,"2":0,"3":0,"4":0,"5":0,"6":0,"7":0,"8":0,"9":0,"10":0,"11":0,"12":0,"13":0,"14":0,"15":0},"b":{"0":[0,0],"1":[0,0],"2":[0,0],"3":[0,0],"4":[0,0],"5":[0,0]}}
,"/home/jcrosby/projects/crowd-score/components/au/GameInfoAU.vue": {"path":"/home/jcrosby/projects/crowd-score/components/au/GameInfoAU.vue","statementMap":{"0":{"start":{"line":15,"column":0},"end":{"line":15,"column":null}},"1":{"start":{"line":61,"column":0},"end":{"line":61,"column":null}},"2":{"start":{"line":65,"column":0},"end":{"line":65,"column":null}},"3":{"start":{"line":66,"column":0},"end":{"line":73,"column":null}},"4":{"start":{"line":68,"column":0},"end":{"line":68,"column":null}}},"fnMap":{"0":{"name":"data","decl":{"start":{"line":60,"column":0},"end":{"line":60,"column":null}},"loc":{"start":{"line":60,"column":0},"end":{"line":63,"column":null}}},"1":{"name":"gameInfo","decl":{"start":{"line":65,"column":0},"end":{"line":65,"column":null}},"loc":{"start":{"line":65,"column":0},"end":{"line":74,"column":null}}},"2":{"name":"(anonymous_3)","decl":{"start":{"line":66,"column":0},"end":{"line":66,"column":null}},"loc":{"start":{"line":66,"column":0},"end":{"line":73,"column":null}}}},"branchMap":{},"s":{"0":0,"1":0,"2":0,"3":0,"4":0},"f":{"0":0,"1":0,"2":0},"b":{}}
,"/home/jcrosby/projects/crowd-score/components/au/ScoreTable.vue": {"path":"/home/jcrosby/projects/crowd-score/components/au/ScoreTable.vue","statementMap":{"0":{"start":{"line":272,"column":0},"end":{"line":272,"column":null}},"1":{"start":{"line":273,"column":0},"end":{"line":273,"column":null}},"2":{"start":{"line":281,"column":0},"end":{"line":281,"column":null}},"3":{"start":{"line":288,"column":0},"end":{"line":288,"column":null}},"4":{"start":{"line":299,"column":0},"end":{"line":302,"column":null}},"5":{"start":{"line":305,"column":0},"end":{"line":308,"column":null}},"6":{"start":{"line":311,"column":0},"end":{"line":313,"column":null}},"7":{"start":{"line":317,"column":0},"end":{"line":317,"column":null}},"8":{"start":{"line":320,"column":0},"end":{"line":320,"column":null}},"9":{"start":{"line":323,"column":0},"end":{"line":323,"column":null}},"10":{"start":{"line":327,"column":0},"end":{"line":327,"column":null}},"11":{"start":{"line":328,"column":0},"end":{"line":328,"column":null}}},"fnMap":{"0":{"name":"_default","decl":{"start":{"line":280,"column":0},"end":{"line":280,"column":null}},"loc":{"start":{"line":280,"column":0},"end":{"line":284,"column":null}}},"1":{"name":"data","decl":{"start":{"line":287,"column":0},"end":{"line":287,"column":null}},"loc":{"start":{"line":287,"column":0},"end":{"line":296,"column":null}}},"2":{"name":"columns","decl":{"start":{"line":298,"column":0},"end":{"line":298,"column":null}},"loc":{"start":{"line":298,"column":0},"end":{"line":303,"column":null}}},"3":{"name":"columnsLower","decl":{"start":{"line":304,"column":0},"end":{"line":304,"column":null}},"loc":{"start":{"line":304,"column":0},"end":{"line":309,"column":null}}},"4":{"name":"columnsPitcher","decl":{"start":{"line":310,"column":0},"end":{"line":310,"column":null}},"loc":{"start":{"line":310,"column":0},"end":{"line":314,"column":null}}},"5":{"name":"created","decl":{"start":{"line":316,"column":0},"end":{"line":316,"column":null}},"loc":{"start":{"line":316,"column":0},"end":{"line":318,"column":null}}},"6":{"name":"mounted","decl":{"start":{"line":319,"column":0},"end":{"line":319,"column":null}},"loc":{"start":{"line":319,"column":0},"end":{"line":321,"column":null}}},"7":{"name":"destroyed","decl":{"start":{"line":322,"column":0},"end":{"line":322,"column":null}},"loc":{"start":{"line":322,"column":0},"end":{"line":324,"column":null}}},"8":{"name":"handleWindowResize","decl":{"start":{"line":326,"column":0},"end":{"line":326,"column":null}},"loc":{"start":{"line":326,"column":0},"end":{"line":329,"column":null}}}},"branchMap":{},"s":{"0":0,"1":0,"2":0,"3":0,"4":0,"5":0,"6":0,"7":0,"8":0,"9":0,"10":0,"11":0},"f":{"0":0,"1":0,"2":0,"3":0,"4":0,"5":0,"6":0,"7":0,"8":0},"b":{}}
,"/home/jcrosby/projects/crowd-score/pages/score-baseball-test.vue": {"path":"/home/jcrosby/projects/crowd-score/pages/score-baseball-test.vue","statementMap":{"0":{"start":{"line":8,"column":0},"end":{"line":8,"column":null}},"1":{"start":{"line":11,"column":0},"end":{"line":11,"column":null}}},"fnMap":{"0":{"name":"data","decl":{"start":{"line":10,"column":0},"end":{"line":10,"column":null}},"loc":{"start":{"line":10,"column":0},"end":{"line":14,"column":null}}}},"branchMap":{},"s":{"0":0,"1":0},"f":{"0":0},"b":{}}
,"/home/jcrosby/projects/crowd-score/pages/score.vue": {"path":"/home/jcrosby/projects/crowd-score/pages/score.vue","statementMap":{"0":{"start":{"line":23,"column":0},"end":{"line":23,"column":null}},"1":{"start":{"line":24,"column":0},"end":{"line":24,"column":null}},"2":{"start":{"line":25,"column":0},"end":{"line":25,"column":null}},"3":{"start":{"line":32,"column":0},"end":{"line":32,"column":null}},"4":{"start":{"line":45,"column":0},"end":{"line":47,"column":null}},"5":{"start":{"line":46,"column":0},"end":{"line":46,"column":null}},"6":{"start":{"line":50,"column":0},"end":{"line":50,"column":null}},"7":{"start":{"line":51,"column":0},"end":{"line":51,"column":null}},"8":{"start":{"line":52,"column":0},"end":{"line":52,"column":null}},"9":{"start":{"line":55,"column":0},"end":{"line":55,"column":null}},"10":{"start":{"line":56,"column":0},"end":{"line":65,"column":null}},"11":{"start":{"line":57,"column":0},"end":{"line":57,"column":null}},"12":{"start":{"line":58,"column":0},"end":{"line":58,"column":null}},"13":{"start":{"line":59,"column":0},"end":{"line":59,"column":null}},"14":{"start":{"line":61,"column":0},"end":{"line":63,"column":null}},"15":{"start":{"line":62,"column":0},"end":{"line":62,"column":null}},"16":{"start":{"line":64,"column":0},"end":{"line":64,"column":null}},"17":{"start":{"line":67,"column":0},"end":{"line":67,"column":null}},"18":{"start":{"line":69,"column":0},"end":{"line":71,"column":null}},"19":{"start":{"line":70,"column":0},"end":{"line":70,"column":null}},"20":{"start":{"line":74,"column":0},"end":{"line":76,"column":null}},"21":{"start":{"line":75,"column":0},"end":{"line":75,"column":null}},"22":{"start":{"line":77,"column":0},"end":{"line":77,"column":null}},"23":{"start":{"line":84,"column":0},"end":{"line":84,"column":null}},"24":{"start":{"line":85,"column":0},"end":{"line":85,"column":null}},"25":{"start":{"line":86,"column":0},"end":{"line":86,"column":null}},"26":{"start":{"line":95,"column":0},"end":{"line":95,"column":null}},"27":{"start":{"line":101,"column":0},"end":{"line":101,"column":null}},"28":{"start":{"line":140,"column":0},"end":{"line":143,"column":null}},"29":{"start":{"line":141,"column":0},"end":{"line":141,"column":null}},"30":{"start":{"line":142,"column":0},"end":{"line":142,"column":null}},"31":{"start":{"line":147,"column":0},"end":{"line":147,"column":null}},"32":{"start":{"line":148,"column":0},"end":{"line":148,"column":null}},"33":{"start":{"line":149,"column":0},"end":{"line":149,"column":null}},"34":{"start":{"line":152,"column":0},"end":{"line":152,"column":null}},"35":{"start":{"line":155,"column":0},"end":{"line":155,"column":null}},"36":{"start":{"line":156,"column":0},"end":{"line":156,"column":null}},"37":{"start":{"line":157,"column":0},"end":{"line":157,"column":null}},"38":{"start":{"line":159,"column":0},"end":{"line":159,"column":null}},"39":{"start":{"line":160,"column":0},"end":{"line":160,"column":null}},"40":{"start":{"line":161,"column":0},"end":{"line":161,"column":null}},"41":{"start":{"line":163,"column":0},"end":{"line":163,"column":null}},"42":{"start":{"line":165,"column":0},"end":{"line":165,"column":null}},"43":{"start":{"line":166,"column":0},"end":{"line":194,"column":null}},"44":{"start":{"line":168,"column":0},"end":{"line":168,"column":null}},"45":{"start":{"line":172,"column":0},"end":{"line":172,"column":null}},"46":{"start":{"line":174,"column":0},"end":{"line":174,"column":null}},"47":{"start":{"line":176,"column":0},"end":{"line":191,"column":null}},"48":{"start":{"line":178,"column":0},"end":{"line":178,"column":null}},"49":{"start":{"line":181,"column":0},"end":{"line":188,"column":null}},"50":{"start":{"line":182,"column":0},"end":{"line":182,"column":null}},"51":{"start":{"line":184,"column":0},"end":{"line":187,"column":null}},"52":{"start":{"line":186,"column":0},"end":{"line":186,"column":null}},"53":{"start":{"line":190,"column":0},"end":{"line":190,"column":null}},"54":{"start":{"line":193,"column":0},"end":{"line":193,"column":null}}},"fnMap":{"0":{"name":"createScoreObj","decl":{"start":{"line":31,"column":0},"end":{"line":31,"column":null}},"loc":{"start":{"line":31,"column":0},"end":{"line":87,"column":null}}},"1":{"name":"provide","decl":{"start":{"line":94,"column":0},"end":{"line":94,"column":null}},"loc":{"start":{"line":94,"column":0},"end":{"line":99,"column":null}}},"2":{"name":"data","decl":{"start":{"line":100,"column":0},"end":{"line":100,"column":null}},"loc":{"start":{"line":100,"column":0},"end":{"line":137,"column":null}}},"3":{"name":"created","decl":{"start":{"line":138,"column":0},"end":{"line":138,"column":null}},"loc":{"start":{"line":138,"column":0},"end":{"line":144,"column":null}}},"4":{"name":"handleUpdateData","decl":{"start":{"line":146,"column":0},"end":{"line":146,"column":null}},"loc":{"start":{"line":146,"column":0},"end":{"line":150,"column":null}}},"5":{"name":"toggleShowInputDiamond","decl":{"start":{"line":151,"column":0},"end":{"line":151,"column":null}},"loc":{"start":{"line":151,"column":0},"end":{"line":153,"column":null}}},"6":{"name":"handleShowDiamond","decl":{"start":{"line":154,"column":0},"end":{"line":154,"column":null}},"loc":{"start":{"line":154,"column":0},"end":{"line":158,"column":null}}},"7":{"name":"prepareScoreObj","decl":{"start":{"line":159,"column":0},"end":{"line":159,"column":null}},"loc":{"start":{"line":159,"column":0},"end":{"line":195,"column":null}}},"8":{"name":"(anonymous_10)","decl":{"start":{"line":166,"column":0},"end":{"line":166,"column":null}},"loc":{"start":{"line":166,"column":0},"end":{"line":194,"column":null}}},"9":{"name":"(anonymous_11)","decl":{"start":{"line":176,"column":0},"end":{"line":176,"column":null}},"loc":{"start":{"line":176,"column":0},"end":{"line":191,"column":null}}}},"branchMap":{"0":{"loc":{"start":{"line":45,"column":0},"end":{"line":47,"column":null}},"type":"if","locations":[{"start":{"line":45,"column":0},"end":{"line":47,"column":null}},{"start":{"line":45,"column":0},"end":{"line":47,"column":null}}]},"1":{"loc":{"start":{"line":56,"column":0},"end":{"line":65,"column":null}},"type":"if","locations":[{"start":{"line":56,"column":0},"end":{"line":65,"column":null}},{"start":{"line":56,"column":0},"end":{"line":65,"column":null}}]},"2":{"loc":{"start":{"line":61,"column":0},"end":{"line":63,"column":null}},"type":"if","locations":[{"start":{"line":61,"column":0},"end":{"line":63,"column":null}},{"start":{"line":61,"column":0},"end":{"line":63,"column":null}}]},"3":{"loc":{"start":{"line":69,"column":0},"end":{"line":71,"column":null}},"type":"if","locations":[{"start":{"line":69,"column":0},"end":{"line":71,"column":null}},{"start":{"line":69,"column":0},"end":{"line":71,"column":null}}]},"4":{"loc":{"start":{"line":74,"column":0},"end":{"line":76,"column":null}},"type":"if","locations":[{"start":{"line":74,"column":0},"end":{"line":76,"column":null}},{"start":{"line":74,"column":0},"end":{"line":76,"column":null}}]},"5":{"loc":{"start":{"line":77,"column":0},"end":{"line":77,"column":null}},"type":"cond-expr","locations":[{"start":{"line":77,"column":0},"end":{"line":77,"column":null}},{"start":{"line":77,"column":0},"end":{"line":77,"column":null}}]},"6":{"loc":{"start":{"line":140,"column":0},"end":{"line":143,"column":null}},"type":"if","locations":[{"start":{"line":140,"column":0},"end":{"line":143,"column":null}},{"start":{"line":140,"column":0},"end":{"line":143,"column":null}}]},"7":{"loc":{"start":{"line":159,"column":0},"end":{"line":159,"column":null}},"type":"cond-expr","locations":[{"start":{"line":159,"column":0},"end":{"line":159,"column":null}},{"start":{"line":159,"column":0},"end":{"line":159,"column":null}}]},"8":{"loc":{"start":{"line":181,"column":0},"end":{"line":188,"column":null}},"type":"if","locations":[{"start":{"line":181,"column":0},"end":{"line":188,"column":null}},{"start":{"line":181,"column":0},"end":{"line":188,"column":null}}]},"9":{"loc":{"start":{"line":181,"column":0},"end":{"line":181,"column":null}},"type":"binary-expr","locations":[{"start":{"line":181,"column":0},"end":{"line":181,"column":null}},{"start":{"line":181,"column":0},"end":{"line":181,"column":null}}]},"10":{"loc":{"start":{"line":184,"column":0},"end":{"line":187,"column":null}},"type":"if","locations":[{"start":{"line":184,"column":0},"end":{"line":187,"column":null}},{"start":{"line":184,"column":0},"end":{"line":187,"column":null}}]}},"s":{"0":0,"1":0,"2":0,"3":0,"4":0,"5":0,"6":0,"7":0,"8":0,"9":0,"10":0,"11":0,"12":0,"13":0,"14":0,"15":0,"16":0,"17":0,"18":0,"19":0,"20":0,"21":0,"22":0,"23":0,"24":0,"25":0,"26":0,"27":0,"28":0,"29":0,"30":0,"31":0,"32":0,"33":0,"34":0,"35":0,"36":0,"37":0,"38":0,"39":0,"40":0,"41":0,"42":0,"43":0,"44":0,"45":0,"46":0,"47":0,"48":0,"49":0,"50":0,"51":0,"52":0,"53":0,"54":0},"f":{"0":0,"1":0,"2":0,"3":0,"4":0,"5":0,"6":0,"7":0,"8":0,"9":0},"b":{"0":[0,0],"1":[0,0],"2":[0,0],"3":[0,0],"4":[0,0],"5":[0,0],"6":[0,0],"7":[0,0],"8":[0,0],"9":[0,0],"10":[0,0]}}
,"/home/jcrosby/projects/crowd-score/pages/scoreAu.vue": {"path":"/home/jcrosby/projects/crowd-score/pages/scoreAu.vue","statementMap":{"0":{"start":{"line":20,"column":0},"end":{"line":20,"column":null}},"1":{"start":{"line":21,"column":0},"end":{"line":21,"column":null}}},"fnMap":{},"branchMap":{},"s":{"0":0,"1":0},"f":{},"b":{}}
}
