TN:
SF:components/GameInfo.vue
FN:24,_default
FNF:1
FNH:0
FNDA:0,_default
DA:25,0
LF:1
LH:0
BRF:0
BRH:0
end_of_record
TN:
SF:components/InningsDiamond.vue
FN:79,_default
FN:84,_default
FN:88,i
FN:91,diamondScore
FNF:4
FNH:0
FNDA:0,_default
FNDA:0,_default
FNDA:0,i
FNDA:0,diamondScore
DA:79,0
DA:84,0
DA:89,0
DA:94,0
LF:4
LH:0
BRDA:83,0,0,0
BRDA:83,0,1,0
BRDA:89,1,0,0
BRDA:89,1,1,0
BRF:4
BRH:0
end_of_record
TN:
SF:components/InputDiamond.vue
FN:142,data
FN:157,team
FN:158,inning
FN:159,player
FN:160,diamondObj
FN:165,atBatResult
FN:173,howOut
FN:180,outToFielder
FN:191,balls
FN:194,strikes
FN:197,howBase
FN:204,outNo
FN:209,handleClickOut
FN:212,updateData
FNF:14
FNH:0
FNDA:0,data
FNDA:0,team
FNDA:0,inning
FNDA:0,player
FNDA:0,diamondObj
FNDA:0,atBatResult
FNDA:0,howOut
FNDA:0,outToFielder
FNDA:0,balls
FNDA:0,strikes
FNDA:0,howBase
FNDA:0,outNo
FNDA:0,handleClickOut
FNDA:0,updateData
DA:106,0
DA:108,0
DA:123,0
DA:143,0
DA:157,0
DA:158,0
DA:159,0
DA:161,0
DA:166,0
DA:167,0
DA:169,0
DA:170,0
DA:174,0
DA:176,0
DA:177,0
DA:181,0
DA:182,0
DA:183,0
DA:185,0
DA:186,0
DA:187,0
DA:188,0
DA:192,0
DA:195,0
DA:198,0
DA:200,0
DA:201,0
DA:205,0
DA:210,0
DA:213,0
DA:220,0
DA:221,0
LF:32
LH:0
BRDA:166,0,0,0
BRDA:166,0,1,0
BRDA:169,1,0,0
BRDA:169,1,1,0
BRDA:176,2,0,0
BRDA:176,2,1,0
BRDA:182,3,0,0
BRDA:182,3,1,0
BRDA:185,4,0,0
BRDA:185,4,1,0
BRDA:187,5,0,0
BRDA:187,5,1,0
BRDA:200,6,0,0
BRDA:200,6,1,0
BRF:14
BRH:0
end_of_record
TN:
SF:components/ScoreCard.vue
FN:73,data
FN:84,lineup
FN:85,scoreObj
FN:86,innings
FN:89,score
FN:90,(anonymous_7)
FN:94,stats
FN:96,(anonymous_9)
FN:98,(anonymous_10)
FN:101,(anonymous_11)
FN:104,(anonymous_12)
FN:107,(anonymous_13)
FN:110,(anonymous_14)
FN:113,(anonymous_15)
FN:122,diamondClasses
FN:128,handleDiamondClick
FNF:16
FNH:0
FNDA:0,data
FNDA:0,lineup
FNDA:0,scoreObj
FNDA:0,innings
FNDA:0,score
FNDA:0,(anonymous_7)
FNDA:0,stats
FNDA:0,(anonymous_9)
FNDA:0,(anonymous_10)
FNDA:0,(anonymous_11)
FNDA:0,(anonymous_12)
FNDA:0,(anonymous_13)
FNDA:0,(anonymous_14)
FNDA:0,(anonymous_15)
FNDA:0,diamondClasses
FNDA:0,handleDiamondClick
DA:58,0
DA:74,0
DA:84,0
DA:85,0
DA:87,0
DA:90,0
DA:91,0
DA:94,0
DA:95,0
DA:96,0
DA:97,0
DA:99,0
DA:102,0
DA:105,0
DA:108,0
DA:111,0
DA:114,0
DA:118,0
DA:123,0
DA:129,0
LF:20
LH:0
BRDA:99,0,0,0
BRDA:99,0,1,0
BRDA:102,1,0,0
BRDA:102,1,1,0
BRDA:105,2,0,0
BRDA:105,2,1,0
BRDA:108,3,0,0
BRDA:108,3,1,0
BRDA:111,4,0,0
BRDA:111,4,1,0
BRDA:114,5,0,0
BRDA:114,5,1,0
BRF:12
BRH:0
end_of_record
TN:
SF:components/au/GameInfoAU.vue
FN:60,data
FN:65,gameInfo
FN:66,(anonymous_3)
FNF:3
FNH:0
FNDA:0,data
FNDA:0,gameInfo
FNDA:0,(anonymous_3)
DA:15,0
DA:61,0
DA:65,0
DA:66,0
DA:68,0
LF:5
LH:0
BRF:0
BRH:0
end_of_record
TN:
SF:components/au/ScoreTable.vue
FN:280,_default
FN:287,data
FN:298,columns
FN:304,columnsLower
FN:310,columnsPitcher
FN:316,created
FN:319,mounted
FN:322,destroyed
FN:326,handleWindowResize
FNF:9
FNH:0
FNDA:0,_default
FNDA:0,data
FNDA:0,columns
FNDA:0,columnsLower
FNDA:0,columnsPitcher
FNDA:0,created
FNDA:0,mounted
FNDA:0,destroyed
FNDA:0,handleWindowResize
DA:272,0
DA:273,0
DA:281,0
DA:288,0
DA:299,0
DA:305,0
DA:311,0
DA:317,0
DA:320,0
DA:323,0
DA:327,0
DA:328,0
LF:12
LH:0
BRF:0
BRH:0
end_of_record
TN:
SF:pages/score-baseball-test.vue
FN:10,data
FNF:1
FNH:0
FNDA:0,data
DA:8,0
DA:11,0
LF:2
LH:0
BRF:0
BRH:0
end_of_record
TN:
SF:pages/score.vue
FN:31,createScoreObj
FN:94,provide
FN:100,data
FN:138,created
FN:146,handleUpdateData
FN:151,toggleShowInputDiamond
FN:154,handleShowDiamond
FN:159,prepareScoreObj
FN:166,(anonymous_10)
FN:176,(anonymous_11)
FNF:10
FNH:0
FNDA:0,createScoreObj
FNDA:0,provide
FNDA:0,data
FNDA:0,created
FNDA:0,handleUpdateData
FNDA:0,toggleShowInputDiamond
FNDA:0,handleShowDiamond
FNDA:0,prepareScoreObj
FNDA:0,(anonymous_10)
FNDA:0,(anonymous_11)
DA:23,0
DA:24,0
DA:25,0
DA:32,0
DA:45,0
DA:46,0
DA:50,0
DA:51,0
DA:52,0
DA:55,0
DA:56,0
DA:57,0
DA:58,0
DA:59,0
DA:61,0
DA:62,0
DA:64,0
DA:67,0
DA:69,0
DA:70,0
DA:74,0
DA:75,0
DA:77,0
DA:84,0
DA:85,0
DA:86,0
DA:95,0
DA:101,0
DA:140,0
DA:141,0
DA:142,0
DA:147,0
DA:148,0
DA:149,0
DA:152,0
DA:155,0
DA:156,0
DA:157,0
DA:159,0
DA:160,0
DA:161,0
DA:163,0
DA:165,0
DA:166,0
DA:168,0
DA:172,0
DA:174,0
DA:176,0
DA:178,0
DA:181,0
DA:182,0
DA:184,0
DA:186,0
DA:190,0
DA:193,0
LF:55
LH:0
BRDA:45,0,0,0
BRDA:45,0,1,0
BRDA:56,1,0,0
BRDA:56,1,1,0
BRDA:61,2,0,0
BRDA:61,2,1,0
BRDA:69,3,0,0
BRDA:69,3,1,0
BRDA:74,4,0,0
BRDA:74,4,1,0
BRDA:77,5,0,0
BRDA:77,5,1,0
BRDA:140,6,0,0
BRDA:140,6,1,0
BRDA:159,7,0,0
BRDA:159,7,1,0
BRDA:181,8,0,0
BRDA:181,8,1,0
BRDA:181,9,0,0
BRDA:181,9,1,0
BRDA:184,10,0,0
BRDA:184,10,1,0
BRF:22
BRH:0
end_of_record
TN:
SF:pages/scoreAu.vue
FNF:0
FNH:0
DA:20,0
DA:21,0
LF:2
LH:0
BRF:0
BRH:0
end_of_record
